Ntrow_Ntcol;Dimension;Performance
1_8;5;0.00
8_1;5;0.00
2_4;5;0.00
4_2;5;0.00
1_8;10;0.01
8_1;10;0.01
2_4;10;0.01
4_2;10;0.01
1_8;15;0.04
8_1;15;0.04
2_4;15;0.04
4_2;15;0.04
1_8;20;0.09
8_1;20;0.09
2_4;20;0.09
4_2;20;0.07
1_8;25;0.12
8_1;25;0.15
2_4;25;0.16
4_2;25;0.15
1_8;30;0.24
8_1;30;0.26
2_4;30;0.25
4_2;30;0.25
1_8;35;0.31
8_1;35;0.35
2_4;35;0.33
4_2;35;0.35
1_8;40;0.42
8_1;40;0.46
2_4;40;0.44
4_2;40;0.48
1_8;45;0.53
8_1;45;0.59
2_4;45;0.54
4_2;45;0.58
1_8;50;0.61
8_1;50;0.65
2_4;50;0.61
4_2;50;0.66
1_8;55;0.67
8_1;55;0.70
2_4;55;0.70
4_2;55;0.99
1_8;60;0.65
8_1;60;0.80
2_4;60;0.71
4_2;60;0.77
1_8;65;0.73
8_1;65;1.16
2_4;65;0.85
4_2;65;0.82
1_8;70;0.77
8_1;70;0.83
2_4;70;0.86
4_2;70;0.89
1_8;75;0.90
8_1;75;1.02
2_4;75;1.03
4_2;75;1.04
1_8;80;1.09
8_1;80;0.85
2_4;80;0.94
4_2;80;0.91
1_8;85;1.14
8_1;85;1.42
2_4;85;1.42
4_2;85;1.45
1_8;90;1.33
8_1;90;1.08
2_4;90;1.45
4_2;90;2.03
1_8;95;0.85
8_1;95;1.27
2_4;95;1.51
4_2;95;1.24
1_8;100;1.39
8_1;100;1.34
2_4;100;1.79
4_2;100;1.32
1_8;105;1.74
8_1;105;1.58
2_4;105;1.45
4_2;105;1.01
1_8;110;1.71
8_1;110;1.75
2_4;110;1.65
4_2;110;1.61
1_8;115;1.48
8_1;115;1.61
2_4;115;1.52
4_2;115;1.02
1_8;120;1.29
8_1;120;1.63
2_4;120;2.12
4_2;120;2.08
1_8;125;1.67
8_1;125;1.63
2_4;125;2.11
4_2;125;1.37
1_8;130;1.53
8_1;130;1.67
2_4;130;1.60
4_2;130;2.48
1_8;135;1.49
8_1;135;1.91
2_4;135;2.28
4_2;135;1.32
1_8;140;1.26
8_1;140;2.42
2_4;140;1.36
4_2;140;1.25
1_8;145;2.33
8_1;145;2.04
2_4;145;1.78
4_2;145;1.74
1_8;150;1.46
8_1;150;1.72
2_4;150;1.37
4_2;150;2.02
1_8;155;1.95
8_1;155;1.86
2_4;155;1.91
4_2;155;2.14
1_8;160;1.87
8_1;160;1.86
2_4;160;1.83
4_2;160;1.50
1_8;165;1.77
8_1;165;2.12
2_4;165;2.05
4_2;165;2.05
1_8;170;1.61
8_1;170;2.00
2_4;170;2.17
4_2;170;1.60
1_8;175;1.91
8_1;175;1.71
2_4;175;2.44
4_2;175;2.37
1_8;180;1.67
8_1;180;2.87
2_4;180;2.27
4_2;180;1.85
1_8;185;1.98
8_1;185;2.10
2_4;185;2.75
4_2;185;2.16
1_8;190;2.31
8_1;190;2.30
2_4;190;2.11
4_2;190;2.15
1_8;195;1.94
8_1;195;2.48
2_4;195;2.19
4_2;195;2.18
1_8;200;2.85
8_1;200;3.07
2_4;200;1.88
4_2;200;2.48
1_8;205;2.25
8_1;205;2.68
2_4;205;2.57
4_2;205;3.56
1_8;210;2.67
8_1;210;2.72
2_4;210;2.46
4_2;210;2.36
1_8;215;2.94
8_1;215;2.83
2_4;215;2.74
4_2;215;3.20
1_8;220;2.63
8_1;220;3.23
2_4;220;3.23
4_2;220;2.83
1_8;225;2.64
8_1;225;2.86
2_4;225;3.25
4_2;225;3.05
1_8;230;2.74
8_1;230;3.34
2_4;230;3.22
4_2;230;2.66
1_8;235;3.20
8_1;235;2.94
2_4;235;2.61
4_2;235;2.75
1_8;240;3.84
8_1;240;2.81
2_4;240;3.59
4_2;240;3.72
1_8;245;3.52
8_1;245;3.27
2_4;245;3.47
4_2;245;2.87
1_8;250;3.87
8_1;250;3.35
2_4;250;3.46
4_2;250;2.81
1_8;255;2.92
8_1;255;3.64
2_4;255;3.65
4_2;255;3.27
1_8;260;4.01
8_1;260;3.27
2_4;260;3.49
4_2;260;4.32
1_8;265;4.22
8_1;265;3.42
2_4;265;4.15
4_2;265;4.30
1_8;270;3.84
8_1;270;3.99
2_4;270;3.30
4_2;270;4.26
1_8;275;3.65
8_1;275;3.63
2_4;275;3.55
4_2;275;3.44
1_8;280;4.33
8_1;280;5.04
2_4;280;5.43
4_2;280;3.75
1_8;285;4.59
8_1;285;4.39
2_4;285;5.09
4_2;285;5.15
1_8;290;4.45
8_1;290;4.58
2_4;290;4.43
4_2;290;5.46
1_8;295;4.66
8_1;295;4.43
2_4;295;3.95
4_2;295;3.48
1_8;300;4.14
8_1;300;4.56
2_4;300;4.51
4_2;300;3.91
1_8;305;4.66
8_1;305;4.89
2_4;305;4.08
4_2;305;5.22
1_8;310;4.73
8_1;310;5.51
2_4;310;5.36
4_2;310;3.74
1_8;315;3.96
8_1;315;5.53
2_4;315;5.16
4_2;315;4.54
1_8;320;4.87
8_1;320;5.28
2_4;320;4.70
4_2;320;5.57
1_8;325;4.41
8_1;325;5.48
2_4;325;4.95
4_2;325;5.40
1_8;330;5.06
8_1;330;5.92
2_4;330;5.62
4_2;330;5.99
1_8;335;4.70
8_1;335;5.93
2_4;335;4.87
4_2;335;5.15
1_8;340;4.90
8_1;340;5.57
2_4;340;5.73
4_2;340;5.27
1_8;345;5.06
8_1;345;5.66
2_4;345;4.85
4_2;345;5.30
1_8;350;4.60
8_1;350;4.95
2_4;350;5.39
4_2;350;6.19
1_8;355;6.20
8_1;355;5.38
2_4;355;5.83
4_2;355;6.59
1_8;360;5.64
8_1;360;5.45
2_4;360;5.87
4_2;360;5.32
1_8;365;5.46
8_1;365;6.43
2_4;365;4.90
4_2;365;5.96
1_8;370;5.27
8_1;370;5.93
2_4;370;5.07
4_2;370;5.22
1_8;375;5.43
8_1;375;6.11
2_4;375;5.37
4_2;375;4.87
1_8;380;4.53
8_1;380;6.17
2_4;380;6.07
4_2;380;6.00
1_8;385;6.54
8_1;385;5.91
2_4;385;5.91
4_2;385;6.61
1_8;390;6.17
8_1;390;6.06
2_4;390;5.12
4_2;390;6.82
1_8;395;6.36
8_1;395;7.67
2_4;395;5.92
4_2;395;6.56
1_8;400;5.94
8_1;400;6.92
2_4;400;6.12
4_2;400;6.20
1_8;405;6.22
8_1;405;6.31
2_4;405;6.21
4_2;405;6.07
1_8;410;6.69
8_1;410;8.51
2_4;410;6.30
4_2;410;6.78
1_8;415;5.21
8_1;415;6.74
2_4;415;6.54
4_2;415;6.48
1_8;420;6.50
8_1;420;7.80
2_4;420;6.69
4_2;420;7.12
1_8;425;6.20
8_1;425;7.27
2_4;425;6.68
4_2;425;7.42
1_8;430;6.84
8_1;430;6.73
2_4;430;6.85
4_2;430;7.28
1_8;435;7.25
8_1;435;6.54
2_4;435;6.58
4_2;435;7.92
1_8;440;6.93
8_1;440;7.14
2_4;440;7.20
4_2;440;6.74
1_8;445;6.90
8_1;445;8.10
2_4;445;7.36
4_2;445;7.07
1_8;450;6.70
8_1;450;7.47
2_4;450;6.81
4_2;450;8.03
1_8;455;7.10
8_1;455;7.19
2_4;455;7.78
4_2;455;8.03
1_8;460;6.46
8_1;460;8.82
2_4;460;6.94
4_2;460;7.36
1_8;465;6.98
8_1;465;7.19
2_4;465;7.59
4_2;465;7.22
1_8;470;7.62
8_1;470;7.55
2_4;470;8.27
4_2;470;7.55
1_8;475;7.00
8_1;475;8.12
2_4;475;7.62
4_2;475;7.29
1_8;480;6.74
8_1;480;8.19
2_4;480;7.35
4_2;480;7.29
1_8;485;7.47
8_1;485;8.11
2_4;485;8.05
4_2;485;8.03
1_8;490;8.45
8_1;490;8.35
2_4;490;8.21
4_2;490;7.94
1_8;495;8.50
8_1;495;9.32
2_4;495;7.52
4_2;495;8.67
1_8;500;8.56
8_1;500;9.44
2_4;500;8.56
4_2;500;8.85
